2023-12-15 14:32:54,370 INFO logger has been initialized
2023-12-15 14:32:54,374 INFO Game.run is executing
2023-12-15 14:32:55,193 DEBUG 
 image.rect.x=-8, image.rect.y=-8
2023-12-15 14:32:55,193 DEBUG 
 image.rect.x=-8, image.rect.y=8
2023-12-15 14:32:55,193 DEBUG 
 image.rect.x=-8, image.rect.y=24
2023-12-15 14:32:55,193 DEBUG 
 image.rect.x=-8, image.rect.y=40
2023-12-15 14:32:55,193 DEBUG 
 image.rect.x=-8, image.rect.y=56
2023-12-15 14:32:55,193 DEBUG 
 image.rect.x=-8, image.rect.y=72
2023-12-15 14:32:55,193 DEBUG 
 image.rect.x=-8, image.rect.y=88
2023-12-15 14:32:55,193 DEBUG 
 image.rect.x=8, image.rect.y=-8
2023-12-15 14:32:55,193 DEBUG 
 image.rect.x=8, image.rect.y=8
2023-12-15 14:32:55,193 DEBUG 
 image.rect.x=8, image.rect.y=24
2023-12-15 14:32:55,193 DEBUG 
 image.rect.x=8, image.rect.y=40
2023-12-15 14:32:55,193 DEBUG 
 image.rect.x=8, image.rect.y=56
2023-12-15 14:32:55,193 DEBUG 
 image.rect.x=8, image.rect.y=72
2023-12-15 14:32:55,193 DEBUG 
 image.rect.x=8, image.rect.y=88
2023-12-15 14:32:55,193 DEBUG 
 image.rect.x=24, image.rect.y=-8
2023-12-15 14:32:55,193 DEBUG 
 image.rect.x=24, image.rect.y=8
2023-12-15 14:32:55,193 DEBUG 
 image.rect.x=24, image.rect.y=24
2023-12-15 14:32:55,193 DEBUG 
 image.rect.x=24, image.rect.y=40
2023-12-15 14:32:55,193 DEBUG 
 image.rect.x=24, image.rect.y=56
2023-12-15 14:32:55,193 DEBUG 
 image.rect.x=24, image.rect.y=72
2023-12-15 14:32:55,193 DEBUG 
 image.rect.x=24, image.rect.y=88
2023-12-15 14:32:55,193 DEBUG 
 image.rect.x=40, image.rect.y=-8
2023-12-15 14:32:55,193 DEBUG 
 image.rect.x=40, image.rect.y=8
2023-12-15 14:32:55,194 DEBUG 
 image.rect.x=40, image.rect.y=24
2023-12-15 14:32:55,194 DEBUG 
 image.rect.x=40, image.rect.y=40
2023-12-15 14:32:55,194 DEBUG 
 image.rect.x=40, image.rect.y=56
2023-12-15 14:32:55,194 DEBUG 
 image.rect.x=40, image.rect.y=72
2023-12-15 14:32:55,194 DEBUG 
 image.rect.x=40, image.rect.y=88
2023-12-15 14:32:55,194 DEBUG 
 image.rect.x=56, image.rect.y=-8
2023-12-15 14:32:55,194 DEBUG 
 image.rect.x=56, image.rect.y=8
2023-12-15 14:32:55,194 DEBUG 
 image.rect.x=56, image.rect.y=24
2023-12-15 14:32:55,194 DEBUG 
 image.rect.x=56, image.rect.y=40
2023-12-15 14:32:55,194 DEBUG 
 image.rect.x=56, image.rect.y=56
2023-12-15 14:32:55,194 DEBUG 
 image.rect.x=56, image.rect.y=72
2023-12-15 14:32:55,194 DEBUG 
 image.rect.x=56, image.rect.y=88
2023-12-15 14:32:55,194 DEBUG 
 image.rect.x=72, image.rect.y=-8
2023-12-15 14:32:55,194 DEBUG 
 image.rect.x=72, image.rect.y=8
2023-12-15 14:32:55,194 DEBUG 
 image.rect.x=72, image.rect.y=24
2023-12-15 14:32:55,194 DEBUG 
 image.rect.x=72, image.rect.y=40
2023-12-15 14:32:55,194 DEBUG 
 image.rect.x=72, image.rect.y=56
2023-12-15 14:32:55,194 DEBUG 
 image.rect.x=72, image.rect.y=72
2023-12-15 14:32:55,194 DEBUG 
 image.rect.x=72, image.rect.y=88
2023-12-15 14:32:55,194 DEBUG 
 image.rect.x=88, image.rect.y=-8
2023-12-15 14:32:55,194 DEBUG 
 image.rect.x=88, image.rect.y=8
2023-12-15 14:32:55,194 DEBUG 
 image.rect.x=88, image.rect.y=24
2023-12-15 14:32:55,194 DEBUG 
 image.rect.x=88, image.rect.y=40
2023-12-15 14:32:55,194 DEBUG 
 image.rect.x=88, image.rect.y=56
2023-12-15 14:32:55,194 DEBUG 
 image.rect.x=88, image.rect.y=72
2023-12-15 14:32:55,194 DEBUG 
 image.rect.x=88, image.rect.y=88
2023-12-15 14:32:55,194 DEBUG 
 image.rect.x=104, image.rect.y=-8
2023-12-15 14:32:55,194 DEBUG 
 image.rect.x=104, image.rect.y=8
2023-12-15 14:32:55,194 DEBUG 
 image.rect.x=104, image.rect.y=24
2023-12-15 14:32:55,194 DEBUG 
 image.rect.x=104, image.rect.y=40
2023-12-15 14:32:55,194 DEBUG 
 image.rect.x=104, image.rect.y=56
2023-12-15 14:32:55,194 DEBUG 
 image.rect.x=104, image.rect.y=72
2023-12-15 14:32:55,194 DEBUG 
 image.rect.x=104, image.rect.y=88
2023-12-15 14:32:55,194 DEBUG 
 image.rect.x=120, image.rect.y=-8
2023-12-15 14:32:55,194 DEBUG 
 image.rect.x=120, image.rect.y=8
2023-12-15 14:32:55,194 DEBUG 
 image.rect.x=120, image.rect.y=24
2023-12-15 14:32:55,194 DEBUG 
 image.rect.x=120, image.rect.y=40
2023-12-15 14:32:55,196 DEBUG 
 image.rect.x=120, image.rect.y=56
2023-12-15 14:32:55,196 DEBUG 
 image.rect.x=120, image.rect.y=72
2023-12-15 14:32:55,196 DEBUG 
 image.rect.x=120, image.rect.y=88
2023-12-15 14:32:55,196 DEBUG 
 image.rect.x=136, image.rect.y=-8
2023-12-15 14:32:55,196 DEBUG 
 image.rect.x=136, image.rect.y=8
2023-12-15 14:32:55,196 DEBUG 
 image.rect.x=136, image.rect.y=24
2023-12-15 14:32:55,196 DEBUG 
 image.rect.x=136, image.rect.y=40
2023-12-15 14:32:55,196 DEBUG 
 image.rect.x=136, image.rect.y=56
2023-12-15 14:32:55,196 DEBUG 
 image.rect.x=136, image.rect.y=72
2023-12-15 14:32:55,196 DEBUG 
 image.rect.x=136, image.rect.y=88
2023-12-15 14:32:55,196 DEBUG 
 image.rect.x=152, image.rect.y=-8
2023-12-15 14:32:55,196 DEBUG 
 image.rect.x=152, image.rect.y=8
2023-12-15 14:32:55,196 DEBUG 
 image.rect.x=152, image.rect.y=24
2023-12-15 14:32:55,196 DEBUG 
 image.rect.x=152, image.rect.y=40
2023-12-15 14:32:55,196 DEBUG 
 image.rect.x=152, image.rect.y=56
2023-12-15 14:32:55,196 DEBUG 
 image.rect.x=152, image.rect.y=72
2023-12-15 14:32:55,196 DEBUG 
 image.rect.x=152, image.rect.y=88
2023-12-15 14:32:55,196 DEBUG 
 image.rect.x=168, image.rect.y=-8
2023-12-15 14:32:55,196 DEBUG 
 image.rect.x=168, image.rect.y=8
2023-12-15 14:32:55,196 DEBUG 
 image.rect.x=168, image.rect.y=24
2023-12-15 14:32:55,196 DEBUG 
 image.rect.x=168, image.rect.y=40
2023-12-15 14:32:55,196 DEBUG 
 image.rect.x=168, image.rect.y=56
2023-12-15 14:32:55,196 DEBUG 
 image.rect.x=168, image.rect.y=72
2023-12-15 14:32:55,196 DEBUG 
 image.rect.x=168, image.rect.y=88
2023-12-15 14:32:55,196 DEBUG 
 image.rect.x=184, image.rect.y=-8
2023-12-15 14:32:55,197 DEBUG 
 image.rect.x=184, image.rect.y=8
2023-12-15 14:32:55,197 DEBUG 
 image.rect.x=184, image.rect.y=24
2023-12-15 14:32:55,197 DEBUG 
 image.rect.x=184, image.rect.y=40
2023-12-15 14:32:55,197 DEBUG 
 image.rect.x=184, image.rect.y=56
2023-12-15 14:32:55,197 DEBUG 
 image.rect.x=184, image.rect.y=72
2023-12-15 14:32:55,197 DEBUG 
 image.rect.x=184, image.rect.y=88
2023-12-15 14:32:55,197 DEBUG 
 image.rect.x=200, image.rect.y=-8
2023-12-15 14:32:55,197 DEBUG 
 image.rect.x=200, image.rect.y=8
2023-12-15 14:32:55,197 DEBUG 
 image.rect.x=200, image.rect.y=24
2023-12-15 14:32:55,197 DEBUG 
 image.rect.x=200, image.rect.y=40
2023-12-15 14:32:55,197 DEBUG 
 image.rect.x=200, image.rect.y=56
2023-12-15 14:32:55,197 DEBUG 
 image.rect.x=200, image.rect.y=72
2023-12-15 14:32:55,197 DEBUG 
 image.rect.x=200, image.rect.y=88
2023-12-15 14:32:55,197 DEBUG 
 image.rect.x=216, image.rect.y=-8
2023-12-15 14:32:55,197 DEBUG 
 image.rect.x=216, image.rect.y=8
2023-12-15 14:32:55,197 DEBUG 
 image.rect.x=216, image.rect.y=24
2023-12-15 14:32:55,197 DEBUG 
 image.rect.x=216, image.rect.y=40
2023-12-15 14:32:55,197 DEBUG 
 image.rect.x=216, image.rect.y=56
2023-12-15 14:32:55,197 DEBUG 
 image.rect.x=216, image.rect.y=72
2023-12-15 14:32:55,197 DEBUG 
 image.rect.x=216, image.rect.y=88
